<?xml version="1.0" encoding="UTF-8"?>
<testsuite name="com.example.dagon.registerUser.RegisterUserApplicationTests" tests="1" skipped="0" failures="0" errors="0" timestamp="2022-11-13T20:02:27" hostname="ROXAS" time="0.321">
  <properties/>
  <testcase name="contextLoads()" classname="com.example.dagon.registerUser.RegisterUserApplicationTests" time="0.321"/>
  <system-out><![CDATA[17:02:26.239 [Test worker] DEBUG org.springframework.test.context.BootstrapUtils - Instantiating CacheAwareContextLoaderDelegate from class [org.springframework.test.context.cache.DefaultCacheAwareContextLoaderDelegate]
17:02:26.247 [Test worker] DEBUG org.springframework.test.context.BootstrapUtils - Instantiating BootstrapContext using constructor [public org.springframework.test.context.support.DefaultBootstrapContext(java.lang.Class,org.springframework.test.context.CacheAwareContextLoaderDelegate)]
17:02:26.270 [Test worker] DEBUG org.springframework.test.context.BootstrapUtils - Instantiating TestContextBootstrapper for test class [com.example.dagon.registerUser.RegisterUserApplicationTests] from class [org.springframework.boot.test.context.SpringBootTestContextBootstrapper]
17:02:26.278 [Test worker] INFO org.springframework.boot.test.context.SpringBootTestContextBootstrapper - Neither @ContextConfiguration nor @ContextHierarchy found for test class [com.example.dagon.registerUser.RegisterUserApplicationTests], using SpringBootContextLoader
17:02:26.281 [Test worker] DEBUG org.springframework.test.context.support.AbstractContextLoader - Did not detect default resource location for test class [com.example.dagon.registerUser.RegisterUserApplicationTests]: class path resource [com/example/dagon/registerUser/RegisterUserApplicationTests-context.xml] does not exist
17:02:26.281 [Test worker] DEBUG org.springframework.test.context.support.AbstractContextLoader - Did not detect default resource location for test class [com.example.dagon.registerUser.RegisterUserApplicationTests]: class path resource [com/example/dagon/registerUser/RegisterUserApplicationTestsContext.groovy] does not exist
17:02:26.281 [Test worker] INFO org.springframework.test.context.support.AbstractContextLoader - Could not detect default resource locations for test class [com.example.dagon.registerUser.RegisterUserApplicationTests]: no resource found for suffixes {-context.xml, Context.groovy}.
17:02:26.282 [Test worker] INFO org.springframework.test.context.support.AnnotationConfigContextLoaderUtils - Could not detect default configuration classes for test class [com.example.dagon.registerUser.RegisterUserApplicationTests]: RegisterUserApplicationTests does not declare any static, non-private, non-final, nested classes annotated with @Configuration.
17:02:26.310 [Test worker] DEBUG org.springframework.test.context.support.ActiveProfilesUtils - Could not find an 'annotation declaring class' for annotation type [org.springframework.test.context.ActiveProfiles] and class [com.example.dagon.registerUser.RegisterUserApplicationTests]
17:02:26.355 [Test worker] DEBUG org.springframework.context.annotation.ClassPathScanningCandidateComponentProvider - Identified candidate component class: file [C:\Users\dagon\Javascript\Angular projects\Backend register\registerUser\build\classes\java\main\com\example\dagon\registerUser\RegisterUserApplication.class]
17:02:26.357 [Test worker] INFO org.springframework.boot.test.context.SpringBootTestContextBootstrapper - Found @SpringBootConfiguration com.example.dagon.registerUser.RegisterUserApplication for test class com.example.dagon.registerUser.RegisterUserApplicationTests
17:02:26.436 [Test worker] DEBUG org.springframework.boot.test.context.SpringBootTestContextBootstrapper - @TestExecutionListeners is not present for class [com.example.dagon.registerUser.RegisterUserApplicationTests]: using defaults.
17:02:26.436 [Test worker] INFO org.springframework.boot.test.context.SpringBootTestContextBootstrapper - Loaded default TestExecutionListener class names from location [META-INF/spring.factories]: [org.springframework.boot.test.autoconfigure.restdocs.RestDocsTestExecutionListener, org.springframework.boot.test.autoconfigure.web.client.MockRestServiceServerResetTestExecutionListener, org.springframework.boot.test.autoconfigure.web.servlet.MockMvcPrintOnlyOnFailureTestExecutionListener, org.springframework.boot.test.autoconfigure.web.servlet.WebDriverTestExecutionListener, org.springframework.boot.test.autoconfigure.webservices.client.MockWebServiceServerTestExecutionListener, org.springframework.boot.test.mock.mockito.MockitoTestExecutionListener, org.springframework.boot.test.mock.mockito.ResetMocksTestExecutionListener, org.springframework.test.context.web.ServletTestExecutionListener, org.springframework.test.context.support.DirtiesContextBeforeModesTestExecutionListener, org.springframework.test.context.event.ApplicationEventsTestExecutionListener, org.springframework.test.context.support.DependencyInjectionTestExecutionListener, org.springframework.test.context.support.DirtiesContextTestExecutionListener, org.springframework.test.context.transaction.TransactionalTestExecutionListener, org.springframework.test.context.jdbc.SqlScriptsTestExecutionListener, org.springframework.test.context.event.EventPublishingTestExecutionListener]
17:02:26.444 [Test worker] DEBUG org.springframework.boot.test.context.SpringBootTestContextBootstrapper - Skipping candidate TestExecutionListener [org.springframework.test.context.transaction.TransactionalTestExecutionListener] due to a missing dependency. Specify custom listener classes or make the default listener classes and their required dependencies available. Offending class: [org/springframework/transaction/interceptor/TransactionAttributeSource]
17:02:26.444 [Test worker] DEBUG org.springframework.boot.test.context.SpringBootTestContextBootstrapper - Skipping candidate TestExecutionListener [org.springframework.test.context.jdbc.SqlScriptsTestExecutionListener] due to a missing dependency. Specify custom listener classes or make the default listener classes and their required dependencies available. Offending class: [org/springframework/transaction/interceptor/TransactionAttribute]
17:02:26.445 [Test worker] INFO org.springframework.boot.test.context.SpringBootTestContextBootstrapper - Using TestExecutionListeners: [org.springframework.test.context.web.ServletTestExecutionListener@2c104774, org.springframework.test.context.support.DirtiesContextBeforeModesTestExecutionListener@2cb3d0f7, org.springframework.test.context.event.ApplicationEventsTestExecutionListener@4e517165, org.springframework.boot.test.mock.mockito.MockitoTestExecutionListener@44e3760b, org.springframework.boot.test.autoconfigure.SpringBootDependencyInjectionTestExecutionListener@6a66a204, org.springframework.test.context.support.DirtiesContextTestExecutionListener@5860f3d7, org.springframework.test.context.event.EventPublishingTestExecutionListener@1d7f7be7, org.springframework.boot.test.autoconfigure.restdocs.RestDocsTestExecutionListener@42f3156d, org.springframework.boot.test.autoconfigure.web.client.MockRestServiceServerResetTestExecutionListener@1ddae9b5, org.springframework.boot.test.autoconfigure.web.servlet.MockMvcPrintOnlyOnFailureTestExecutionListener@427b5f92, org.springframework.boot.test.autoconfigure.web.servlet.WebDriverTestExecutionListener@24bdb479, org.springframework.boot.test.autoconfigure.webservices.client.MockWebServiceServerTestExecutionListener@7e3f95fe, org.springframework.boot.test.mock.mockito.ResetMocksTestExecutionListener@34625ccd]
17:02:26.448 [Test worker] DEBUG org.springframework.test.context.support.AbstractDirtiesContextTestExecutionListener - Before test class: context [DefaultTestContext@162be91c testClass = RegisterUserApplicationTests, testInstance = [null], testMethod = [null], testException = [null], mergedContextConfiguration = [WebMergedContextConfiguration@2488b073 testClass = RegisterUserApplicationTests, locations = '{}', classes = '{class com.example.dagon.registerUser.RegisterUserApplication}', contextInitializerClasses = '[]', activeProfiles = '{}', propertySourceLocations = '{}', propertySourceProperties = '{org.springframework.boot.test.context.SpringBootTestContextBootstrapper=true}', contextCustomizers = set[org.springframework.boot.test.autoconfigure.actuate.metrics.MetricsExportContextCustomizerFactory$DisableMetricExportContextCustomizer@34158c08, org.springframework.boot.test.autoconfigure.properties.PropertyMappingContextCustomizer@0, org.springframework.boot.test.autoconfigure.web.servlet.WebDriverContextCustomizerFactory$Customizer@1921ad94, org.springframework.boot.test.context.filter.ExcludeFilterContextCustomizer@2631f68c, org.springframework.boot.test.json.DuplicateJsonObjectContextCustomizerFactory$DuplicateJsonObjectContextCustomizer@68b32e3e, org.springframework.boot.test.mock.mockito.MockitoContextCustomizer@0, org.springframework.boot.test.web.client.TestRestTemplateContextCustomizer@4ce1d6d0, org.springframework.boot.test.context.SpringBootTestArgs@1, org.springframework.boot.test.context.SpringBootTestWebEnvironment@34f5090e], resourceBasePath = 'src/main/webapp', contextLoader = 'org.springframework.boot.test.context.SpringBootContextLoader', parent = [null]], attributes = map['org.springframework.test.context.web.ServletTestExecutionListener.activateListener' -> true]], class annotated with @DirtiesContext [false] with mode [null].

  .   ____          _            __ _ _
 /\\ / ___'_ __ _ _(_)_ __  __ _ \ \ \ \
( ( )\___ | '_ | '_| | '_ \/ _` | \ \ \ \
 \\/  ___)| |_)| | | | | || (_| |  ) ) ) )
  '  |____| .__|_| |_|_| |_\__, | / / / /
 =========|_|==============|___/=/_/_/_/
 :: Spring Boot ::                (v2.7.5)

2022-11-13 17:02:26.666  INFO 4172 --- [    Test worker] c.e.d.r.RegisterUserApplicationTests     : Starting RegisterUserApplicationTests using Java 17.0.5 on Roxas with PID 4172 (started by dagon in C:\Users\dagon\Javascript\Angular projects\Backend register\registerUser)
2022-11-13 17:02:26.667  INFO 4172 --- [    Test worker] c.e.d.r.RegisterUserApplicationTests     : No active profile set, falling back to 1 default profile: "default"
2022-11-13 17:02:27.732  INFO 4172 --- [    Test worker] c.e.d.r.RegisterUserApplicationTests     : Started RegisterUserApplicationTests in 1.253 seconds (JVM running for 2.101)
]]></system-out>
  <system-err><![CDATA[]]></system-err>
</testsuite>
